[INFO ] 2025-05-07 10:50:10.386 [main] DownloadSteps - User is on the SkyTube home page
[INFO ] 2025-05-07 10:50:10.402 [main] DownloadSteps - Attempting to download the video
[ERROR] 2025-05-07 10:50:13.601 [main] DownloadSteps - Error while trying to download the video
org.openqa.selenium.NoSuchElementException: Unable to find element with locator By.xpath: (//android.widget.ImageButton[@resource-id='free.rm.skytube.extra:id/options_button'])[1]
For documentation on this error, please visit: https://www.selenium.dev/documentation/webdriver/troubleshooting/errors#no-such-element-exception
Build info: version: '4.32.0', revision: 'd17c8aa950'
System info: os.name: 'Windows 11', os.arch: 'amd64', os.version: '10.0', java.version: '22.0.2'
Driver info: driver.version: RemoteWebDriver
	at org.openqa.selenium.remote.ElementLocation$ElementFinder$2.findElement(ElementLocation.java:168) ~[selenium-remote-driver-4.32.0.jar:?]
	at org.openqa.selenium.remote.ElementLocation.findElement(ElementLocation.java:59) ~[selenium-remote-driver-4.32.0.jar:?]
	at org.openqa.selenium.remote.RemoteWebDriver.findElement(RemoteWebDriver.java:368) ~[selenium-remote-driver-4.32.0.jar:?]
	at org.openqa.selenium.remote.RemoteWebDriver.findElement(RemoteWebDriver.java:362) ~[selenium-remote-driver-4.32.0.jar:?]
	at pages.DownloadPage.VideoDownload(DownloadPage.java:33) ~[test-classes/:?]
	at stepDefinitions.DownloadSteps.user_selects_the_video_to_downloaded_and_select_download(DownloadSteps.java:32) ~[test-classes/:?]
	at jdk.internal.reflect.DirectMethodHandleAccessor.invoke(DirectMethodHandleAccessor.java:103) ~[?:?]
	at java.lang.reflect.Method.invoke(Method.java:580) ~[?:?]
	at io.cucumber.java.Invoker.doInvoke(Invoker.java:66) ~[cucumber-java-7.21.1.jar:7.21.1]
	at io.cucumber.java.Invoker.invoke(Invoker.java:24) ~[cucumber-java-7.21.1.jar:7.21.1]
	at io.cucumber.java.AbstractGlueDefinition.invokeMethod(AbstractGlueDefinition.java:47) ~[cucumber-java-7.21.1.jar:7.21.1]
	at io.cucumber.java.JavaStepDefinition.execute(JavaStepDefinition.java:29) ~[cucumber-java-7.21.1.jar:7.21.1]
	at io.cucumber.core.runner.CoreStepDefinition.execute(CoreStepDefinition.java:66) ~[cucumber-core-7.21.1.jar:7.21.1]
	at io.cucumber.core.runner.PickleStepDefinitionMatch.runStep(PickleStepDefinitionMatch.java:62) ~[cucumber-core-7.21.1.jar:7.21.1]
	at io.cucumber.core.runner.ExecutionMode$1.execute(ExecutionMode.java:10) ~[cucumber-core-7.21.1.jar:7.21.1]
	at io.cucumber.core.runner.TestStep.executeStep(TestStep.java:81) ~[cucumber-core-7.21.1.jar:7.21.1]
	at io.cucumber.core.runner.TestStep.run(TestStep.java:53) ~[cucumber-core-7.21.1.jar:7.21.1]
	at io.cucumber.core.runner.PickleStepTestStep.run(PickleStepTestStep.java:51) ~[cucumber-core-7.21.1.jar:7.21.1]
	at io.cucumber.core.runner.TestCase.run(TestCase.java:84) ~[cucumber-core-7.21.1.jar:7.21.1]
	at io.cucumber.core.runner.Runner.runPickle(Runner.java:75) ~[cucumber-core-7.21.1.jar:7.21.1]
	at io.cucumber.testng.TestNGCucumberRunner.lambda$runScenario$1(TestNGCucumberRunner.java:135) ~[cucumber-testng-7.21.1.jar:7.21.1]
	at io.cucumber.core.runtime.CucumberExecutionContext.lambda$runTestCase$5(CucumberExecutionContext.java:136) ~[cucumber-core-7.21.1.jar:7.21.1]
	at io.cucumber.core.runtime.RethrowingThrowableCollector.executeAndThrow(RethrowingThrowableCollector.java:23) ~[cucumber-core-7.21.1.jar:7.21.1]
	at io.cucumber.core.runtime.CucumberExecutionContext.runTestCase(CucumberExecutionContext.java:136) ~[cucumber-core-7.21.1.jar:7.21.1]
	at io.cucumber.testng.TestNGCucumberRunner.runScenario(TestNGCucumberRunner.java:132) ~[cucumber-testng-7.21.1.jar:7.21.1]
	at io.cucumber.testng.AbstractTestNGCucumberTests.runScenario(AbstractTestNGCucumberTests.java:35) ~[cucumber-testng-7.21.1.jar:7.21.1]
	at jdk.internal.reflect.DirectMethodHandleAccessor.invoke(DirectMethodHandleAccessor.java:103) ~[?:?]
	at java.lang.reflect.Method.invoke(Method.java:580) ~[?:?]
	at org.testng.internal.MethodInvocationHelper.invokeMethod(MethodInvocationHelper.java:133) ~[testng-7.4.0.jar:7.4.0]
	at org.testng.internal.TestInvoker.invokeMethod(TestInvoker.java:598) ~[testng-7.4.0.jar:7.4.0]
	at org.testng.internal.TestInvoker.invokeTestMethod(TestInvoker.java:173) ~[testng-7.4.0.jar:7.4.0]
	at org.testng.internal.MethodRunner.runInSequence(MethodRunner.java:46) ~[testng-7.4.0.jar:7.4.0]
	at org.testng.internal.TestInvoker$MethodInvocationAgent.invoke(TestInvoker.java:824) ~[testng-7.4.0.jar:7.4.0]
	at org.testng.internal.TestInvoker.invokeTestMethods(TestInvoker.java:146) ~[testng-7.4.0.jar:7.4.0]
	at org.testng.internal.TestMethodWorker.invokeTestMethods(TestMethodWorker.java:146) ~[testng-7.4.0.jar:7.4.0]
	at org.testng.internal.TestMethodWorker.run(TestMethodWorker.java:128) ~[testng-7.4.0.jar:7.4.0]
	at java.util.ArrayList.forEach(ArrayList.java:1597) [?:?]
	at org.testng.TestRunner.privateRun(TestRunner.java:794) [testng-7.4.0.jar:7.4.0]
	at org.testng.TestRunner.run(TestRunner.java:596) [testng-7.4.0.jar:7.4.0]
	at org.testng.SuiteRunner.runTest(SuiteRunner.java:377) [testng-7.4.0.jar:7.4.0]
	at org.testng.SuiteRunner.runSequentially(SuiteRunner.java:371) [testng-7.4.0.jar:7.4.0]
	at org.testng.SuiteRunner.privateRun(SuiteRunner.java:332) [testng-7.4.0.jar:7.4.0]
	at org.testng.SuiteRunner.run(SuiteRunner.java:276) [testng-7.4.0.jar:7.4.0]
	at org.testng.SuiteRunnerWorker.runSuite(SuiteRunnerWorker.java:53) [testng-7.4.0.jar:7.4.0]
	at org.testng.SuiteRunnerWorker.run(SuiteRunnerWorker.java:96) [testng-7.4.0.jar:7.4.0]
	at org.testng.TestNG.runSuitesSequentially(TestNG.java:1212) [testng-7.4.0.jar:7.4.0]
	at org.testng.TestNG.runSuitesLocally(TestNG.java:1134) [testng-7.4.0.jar:7.4.0]
	at org.testng.TestNG.runSuites(TestNG.java:1063) [testng-7.4.0.jar:7.4.0]
	at org.testng.TestNG.run(TestNG.java:1031) [testng-7.4.0.jar:7.4.0]
	at com.intellij.rt.testng.IDEARemoteTestNG.run(IDEARemoteTestNG.java:65) [testng-rt.jar:?]
	at com.intellij.rt.testng.RemoteTestNGStarter.main(RemoteTestNGStarter.java:105) [testng-rt.jar:?]
[INFO ] 2025-05-07 10:50:13.632 [main] DownloadSteps - Asserting that video is visible in the download section
[INFO ] 2025-05-07 10:50:41.932 [main] DownloadSteps - Navigating to the download page
[INFO ] 2025-05-07 10:52:25.587 [main] DownloadSteps - User is on the SkyTube home page
[INFO ] 2025-05-07 10:52:25.614 [main] DownloadSteps - Attempting to download the video
[ERROR] 2025-05-07 10:52:29.053 [main] DownloadSteps - Error while trying to download the video
org.openqa.selenium.NoSuchElementException: Unable to find element with locator By.xpath: (//android.widget.ImageButton[@resource-id='free.rm.skytube.extra:id/options_button'])[1]
For documentation on this error, please visit: https://www.selenium.dev/documentation/webdriver/troubleshooting/errors#no-such-element-exception
Build info: version: '4.32.0', revision: 'd17c8aa950'
System info: os.name: 'Windows 11', os.arch: 'amd64', os.version: '10.0', java.version: '22.0.2'
Driver info: driver.version: RemoteWebDriver
	at org.openqa.selenium.remote.ElementLocation$ElementFinder$2.findElement(ElementLocation.java:168) ~[selenium-remote-driver-4.32.0.jar:?]
	at org.openqa.selenium.remote.ElementLocation.findElement(ElementLocation.java:59) ~[selenium-remote-driver-4.32.0.jar:?]
	at org.openqa.selenium.remote.RemoteWebDriver.findElement(RemoteWebDriver.java:368) ~[selenium-remote-driver-4.32.0.jar:?]
	at org.openqa.selenium.remote.RemoteWebDriver.findElement(RemoteWebDriver.java:362) ~[selenium-remote-driver-4.32.0.jar:?]
	at pages.DownloadPage.VideoDownload(DownloadPage.java:33) ~[test-classes/:?]
	at stepDefinitions.DownloadSteps.user_selects_the_video_to_downloaded_and_select_download(DownloadSteps.java:32) ~[test-classes/:?]
	at jdk.internal.reflect.DirectMethodHandleAccessor.invoke(DirectMethodHandleAccessor.java:103) ~[?:?]
	at java.lang.reflect.Method.invoke(Method.java:580) ~[?:?]
	at io.cucumber.java.Invoker.doInvoke(Invoker.java:66) ~[cucumber-java-7.21.1.jar:7.21.1]
	at io.cucumber.java.Invoker.invoke(Invoker.java:24) ~[cucumber-java-7.21.1.jar:7.21.1]
	at io.cucumber.java.AbstractGlueDefinition.invokeMethod(AbstractGlueDefinition.java:47) ~[cucumber-java-7.21.1.jar:7.21.1]
	at io.cucumber.java.JavaStepDefinition.execute(JavaStepDefinition.java:29) ~[cucumber-java-7.21.1.jar:7.21.1]
	at io.cucumber.core.runner.CoreStepDefinition.execute(CoreStepDefinition.java:66) ~[cucumber-core-7.21.1.jar:7.21.1]
	at io.cucumber.core.runner.PickleStepDefinitionMatch.runStep(PickleStepDefinitionMatch.java:62) ~[cucumber-core-7.21.1.jar:7.21.1]
	at io.cucumber.core.runner.ExecutionMode$1.execute(ExecutionMode.java:10) ~[cucumber-core-7.21.1.jar:7.21.1]
	at io.cucumber.core.runner.TestStep.executeStep(TestStep.java:81) ~[cucumber-core-7.21.1.jar:7.21.1]
	at io.cucumber.core.runner.TestStep.run(TestStep.java:53) ~[cucumber-core-7.21.1.jar:7.21.1]
	at io.cucumber.core.runner.PickleStepTestStep.run(PickleStepTestStep.java:51) ~[cucumber-core-7.21.1.jar:7.21.1]
	at io.cucumber.core.runner.TestCase.run(TestCase.java:84) ~[cucumber-core-7.21.1.jar:7.21.1]
	at io.cucumber.core.runner.Runner.runPickle(Runner.java:75) ~[cucumber-core-7.21.1.jar:7.21.1]
	at io.cucumber.testng.TestNGCucumberRunner.lambda$runScenario$1(TestNGCucumberRunner.java:135) ~[cucumber-testng-7.21.1.jar:7.21.1]
	at io.cucumber.core.runtime.CucumberExecutionContext.lambda$runTestCase$5(CucumberExecutionContext.java:136) ~[cucumber-core-7.21.1.jar:7.21.1]
	at io.cucumber.core.runtime.RethrowingThrowableCollector.executeAndThrow(RethrowingThrowableCollector.java:23) ~[cucumber-core-7.21.1.jar:7.21.1]
	at io.cucumber.core.runtime.CucumberExecutionContext.runTestCase(CucumberExecutionContext.java:136) ~[cucumber-core-7.21.1.jar:7.21.1]
	at io.cucumber.testng.TestNGCucumberRunner.runScenario(TestNGCucumberRunner.java:132) ~[cucumber-testng-7.21.1.jar:7.21.1]
	at io.cucumber.testng.AbstractTestNGCucumberTests.runScenario(AbstractTestNGCucumberTests.java:35) ~[cucumber-testng-7.21.1.jar:7.21.1]
	at jdk.internal.reflect.DirectMethodHandleAccessor.invoke(DirectMethodHandleAccessor.java:103) ~[?:?]
	at java.lang.reflect.Method.invoke(Method.java:580) ~[?:?]
	at org.testng.internal.MethodInvocationHelper.invokeMethod(MethodInvocationHelper.java:133) ~[testng-7.4.0.jar:7.4.0]
	at org.testng.internal.TestInvoker.invokeMethod(TestInvoker.java:598) ~[testng-7.4.0.jar:7.4.0]
	at org.testng.internal.TestInvoker.invokeTestMethod(TestInvoker.java:173) ~[testng-7.4.0.jar:7.4.0]
	at org.testng.internal.MethodRunner.runInSequence(MethodRunner.java:46) ~[testng-7.4.0.jar:7.4.0]
	at org.testng.internal.TestInvoker$MethodInvocationAgent.invoke(TestInvoker.java:824) ~[testng-7.4.0.jar:7.4.0]
	at org.testng.internal.TestInvoker.invokeTestMethods(TestInvoker.java:146) ~[testng-7.4.0.jar:7.4.0]
	at org.testng.internal.TestMethodWorker.invokeTestMethods(TestMethodWorker.java:146) ~[testng-7.4.0.jar:7.4.0]
	at org.testng.internal.TestMethodWorker.run(TestMethodWorker.java:128) ~[testng-7.4.0.jar:7.4.0]
	at java.util.ArrayList.forEach(ArrayList.java:1597) [?:?]
	at org.testng.TestRunner.privateRun(TestRunner.java:794) [testng-7.4.0.jar:7.4.0]
	at org.testng.TestRunner.run(TestRunner.java:596) [testng-7.4.0.jar:7.4.0]
	at org.testng.SuiteRunner.runTest(SuiteRunner.java:377) [testng-7.4.0.jar:7.4.0]
	at org.testng.SuiteRunner.runSequentially(SuiteRunner.java:371) [testng-7.4.0.jar:7.4.0]
	at org.testng.SuiteRunner.privateRun(SuiteRunner.java:332) [testng-7.4.0.jar:7.4.0]
	at org.testng.SuiteRunner.run(SuiteRunner.java:276) [testng-7.4.0.jar:7.4.0]
	at org.testng.SuiteRunnerWorker.runSuite(SuiteRunnerWorker.java:53) [testng-7.4.0.jar:7.4.0]
	at org.testng.SuiteRunnerWorker.run(SuiteRunnerWorker.java:96) [testng-7.4.0.jar:7.4.0]
	at org.testng.TestNG.runSuitesSequentially(TestNG.java:1212) [testng-7.4.0.jar:7.4.0]
	at org.testng.TestNG.runSuitesLocally(TestNG.java:1134) [testng-7.4.0.jar:7.4.0]
	at org.testng.TestNG.runSuites(TestNG.java:1063) [testng-7.4.0.jar:7.4.0]
	at org.testng.TestNG.run(TestNG.java:1031) [testng-7.4.0.jar:7.4.0]
	at com.intellij.rt.testng.IDEARemoteTestNG.run(IDEARemoteTestNG.java:65) [testng-rt.jar:?]
	at com.intellij.rt.testng.RemoteTestNGStarter.main(RemoteTestNGStarter.java:105) [testng-rt.jar:?]
[INFO ] 2025-05-07 10:52:29.086 [main] DownloadSteps - Asserting that video is visible in the download section
[INFO ] 2025-05-07 10:52:56.633 [main] DownloadSteps - Navigating to the download page
[INFO ] 2025-05-07 10:57:20.974 [main] SubscribeSteps - App launched and Trending tab showed
[DEBUG] 2025-05-07 10:57:31.920 [main] PackageRelationshipCollection - Parsing relationship: /xl/_rels/workbook.xml.rels
[DEBUG] 2025-05-07 10:57:31.924 [main] PackageRelationshipCollection - Parsing relationship: /xl/worksheets/_rels/sheet1.xml.rels
[DEBUG] 2025-05-07 10:57:31.926 [main] PackageRelationshipCollection - Parsing relationship: /_rels/.rels
[INFO ] 2025-05-07 10:58:27.948 [main] SubscribeSteps - App launched and Trending tab showed
[DEBUG] 2025-05-07 10:58:40.645 [main] PackageRelationshipCollection - Parsing relationship: /xl/_rels/workbook.xml.rels
[DEBUG] 2025-05-07 10:58:40.649 [main] PackageRelationshipCollection - Parsing relationship: /xl/worksheets/_rels/sheet1.xml.rels
[DEBUG] 2025-05-07 10:58:40.650 [main] PackageRelationshipCollection - Parsing relationship: /_rels/.rels
[INFO ] 2025-05-07 10:59:24.922 [main] SubscribeSteps - App launched and Trending tab showed
[DEBUG] 2025-05-07 10:59:35.192 [main] PackageRelationshipCollection - Parsing relationship: /xl/_rels/workbook.xml.rels
[DEBUG] 2025-05-07 10:59:35.193 [main] PackageRelationshipCollection - Parsing relationship: /xl/worksheets/_rels/sheet1.xml.rels
[DEBUG] 2025-05-07 10:59:35.195 [main] PackageRelationshipCollection - Parsing relationship: /_rels/.rels
[INFO ] 2025-05-07 11:00:36.776 [main] SubscribeSteps - App launched and Trending tab showed
[DEBUG] 2025-05-07 11:00:46.292 [main] PackageRelationshipCollection - Parsing relationship: /xl/_rels/workbook.xml.rels
[DEBUG] 2025-05-07 11:00:46.295 [main] PackageRelationshipCollection - Parsing relationship: /xl/worksheets/_rels/sheet1.xml.rels
[DEBUG] 2025-05-07 11:00:46.296 [main] PackageRelationshipCollection - Parsing relationship: /_rels/.rels
[INFO ] 2025-05-07 11:01:48.221 [main] SubscribeSteps - App launched and Trending tab showed
[INFO ] 2025-05-07 11:02:57.227 [main] SubscribeSteps - App launched and Trending tab showed
[INFO ] 2025-05-07 11:04:15.237 [main] SubscribeSteps - App launched and Trending tab showed
[INFO ] 2025-05-07 11:05:47.383 [main] SubscribeSteps - App launched and Trending tab showed
[INFO ] 2025-05-07 11:21:38.328 [main] SubscribeSteps - App launched and Trending tab showed
[INFO ] 2025-05-07 11:23:17.536 [main] SubscribeSteps - App launched and Trending tab showed
[INFO ] 2025-05-07 11:24:00.917 [main] SubscribeSteps - App launched and Trending tab showed
[INFO ] 2025-05-07 22:05:54.412 [main] SubscribeSteps - App launched and Trending tab showed
[INFO ] 2025-05-08 12:36:02.390 [main] SubscribeSteps - App launched and Trending tab showed
[INFO ] 2025-05-08 12:36:17.349 [main] DownloadSteps - Clicked on three dots.
[INFO ] 2025-05-08 12:36:20.912 [main] DownloadSteps - Download option text: Download
[INFO ] 2025-05-08 12:36:46.323 [main] SubscribeSteps - App launched and Trending tab showed
[INFO ] 2025-05-08 12:37:04.021 [main] DownloadSteps - Clicked on a video.
[INFO ] 2025-05-08 12:37:32.301 [main] SubscribeSteps - App launched and Trending tab showed
[INFO ] 2025-05-08 12:37:48.101 [main] DownloadSteps - Clicked on a video.
[INFO ] 2025-05-08 12:38:15.512 [main] SubscribeSteps - App launched and Trending tab showed
[INFO ] 2025-05-08 12:38:29.932 [main] DownloadSteps - Opened an already downloaded video.
[INFO ] 2025-05-08 12:38:55.059 [main] SubscribeSteps - App launched and Trending tab showed
[INFO ] 2025-05-08 12:39:09.032 [main] DownloadSteps - Opened an already downloaded video.
[INFO ] 2025-05-08 12:39:34.422 [main] SubscribeSteps - App launched and Trending tab showed
[INFO ] 2025-05-08 12:39:49.350 [main] DownloadSteps - Opened an already downloaded video.
[INFO ] 2025-05-08 12:40:15.949 [main] SubscribeSteps - App launched and Trending tab showed
[INFO ] 2025-05-08 12:40:54.064 [main] SubscribeSteps - App launched and Trending tab showed
[INFO ] 2025-05-08 12:41:08.741 [main] DownloadSteps - Clicked on three dots.
[INFO ] 2025-05-08 12:41:38.102 [main] SubscribeSteps - App launched and Trending tab showed
[INFO ] 2025-05-08 12:42:56.862 [main] SubscribeSteps - App launched and Trending tab showed
[INFO ] 2025-05-08 12:43:11.673 [main] DownloadSteps - Clicked on three dots.
[INFO ] 2025-05-08 12:44:08.876 [main] SubscribeSteps - App launched and Trending tab showed
[INFO ] 2025-05-08 12:44:53.270 [main] SubscribeSteps - App launched and Trending tab showed
[INFO ] 2025-05-08 12:45:27.702 [main] SubscribeSteps - App launched and Trending tab showed
[INFO ] 2025-05-08 13:13:57.294 [main] SubscribeSteps - App launched and Trending tab showed
[INFO ] 2025-05-08 13:14:12.834 [main] DownloadSteps - Clicked on three dots.
[INFO ] 2025-05-08 13:14:16.558 [main] DownloadSteps - Download option text: Download
[INFO ] 2025-05-08 13:15:52.589 [main] SubscribeSteps - App launched and Trending tab showed
[INFO ] 2025-05-08 13:16:08.773 [main] DownloadSteps - Clicked on three dots.
[INFO ] 2025-05-08 13:16:12.430 [main] DownloadSteps - Download option text: Download
[INFO ] 2025-05-08 13:39:40.896 [main] SubscribeSteps - App launched and Trending tab showed
[INFO ] 2025-05-08 13:39:57.539 [main] DownloadSteps - Clicked on three dots.
[INFO ] 2025-05-08 13:40:01.957 [main] DownloadSteps - Download option text: Download
[INFO ] 2025-05-08 13:40:24.920 [main] SubscribeSteps - App launched and Trending tab showed
[INFO ] 2025-05-08 13:40:41.103 [main] DownloadSteps - Clicked on a video.
[INFO ] 2025-05-08 13:41:11.498 [main] SubscribeSteps - App launched and Trending tab showed
[INFO ] 2025-05-08 13:41:30.840 [main] DownloadSteps - Clicked on a video.
[INFO ] 2025-05-08 13:41:55.462 [main] SubscribeSteps - App launched and Trending tab showed
[INFO ] 2025-05-08 13:42:10.803 [main] DownloadSteps - Opened an already downloaded video.
[INFO ] 2025-05-08 13:42:34.158 [main] SubscribeSteps - App launched and Trending tab showed
[INFO ] 2025-05-08 13:42:50.379 [main] DownloadSteps - Opened an already downloaded video.
[INFO ] 2025-05-08 13:43:16.196 [main] SubscribeSteps - App launched and Trending tab showed
[INFO ] 2025-05-08 13:43:32.503 [main] DownloadSteps - Opened an already downloaded video.
[INFO ] 2025-05-08 13:43:56.763 [main] SubscribeSteps - App launched and Trending tab showed
[INFO ] 2025-05-08 13:44:31.343 [main] SubscribeSteps - App launched and Trending tab showed
[INFO ] 2025-05-08 13:44:50.590 [main] DownloadSteps - Clicked on three dots.
[INFO ] 2025-05-08 13:45:17.281 [main] SubscribeSteps - App launched and Trending tab showed
[INFO ] 2025-05-08 13:53:04.901 [main] SubscribeSteps - App launched and Trending tab showed
[INFO ] 2025-05-08 13:53:21.895 [main] DownloadSteps - Clicked on three dots.
[INFO ] 2025-05-08 13:53:26.283 [main] DownloadSteps - Download option text: Download
[INFO ] 2025-05-08 13:53:48.509 [main] SubscribeSteps - App launched and Trending tab showed
[INFO ] 2025-05-08 13:53:59.769 [main] DownloadSteps - App launched and popups dismissed.
[INFO ] 2025-05-08 13:54:05.606 [main] DownloadSteps - Clicked on a video.
[INFO ] 2025-05-08 13:56:54.257 [main] SubscribeSteps - App launched and Trending tab showed
[INFO ] 2025-05-08 13:57:14.186 [main] DownloadSteps - Clicked on three dots.
[INFO ] 2025-05-08 13:57:18.719 [main] DownloadSteps - Download option text: Download
[INFO ] 2025-05-08 13:57:42.301 [main] SubscribeSteps - App launched and Trending tab showed
[INFO ] 2025-05-08 13:57:54.016 [main] DownloadSteps - App launched and popups dismissed.
[INFO ] 2025-05-08 13:58:02.084 [main] DownloadSteps - Clicked on a video.
[INFO ] 2025-05-08 13:58:37.090 [main] SubscribeSteps - App launched and Trending tab showed
[INFO ] 2025-05-08 13:58:51.432 [main] DownloadSteps - Clicked on a video.
[INFO ] 2025-05-08 13:59:26.611 [main] SubscribeSteps - App launched and Trending tab showed
[INFO ] 2025-05-08 13:59:45.852 [main] DownloadSteps - Opened an already downloaded video.
[INFO ] 2025-05-08 14:00:21.835 [main] SubscribeSteps - App launched and Trending tab showed
[INFO ] 2025-05-08 14:00:40.935 [main] DownloadSteps - Opened an already downloaded video.
[INFO ] 2025-05-08 14:01:15.982 [main] SubscribeSteps - App launched and Trending tab showed
[INFO ] 2025-05-08 14:01:36.398 [main] DownloadSteps - Opened an already downloaded video.
[INFO ] 2025-05-08 14:02:13.051 [main] SubscribeSteps - App launched and Trending tab showed
[INFO ] 2025-05-08 14:02:48.254 [main] SubscribeSteps - App launched and Trending tab showed
[INFO ] 2025-05-08 14:03:07.261 [main] DownloadSteps - Clicked on three dots.
[INFO ] 2025-05-08 14:03:35.584 [main] SubscribeSteps - App launched and Trending tab showed
[INFO ] 2025-05-08 14:05:00.338 [main] SubscribeSteps - App launched and Trending tab showed
[INFO ] 2025-05-08 14:05:23.783 [main] DownloadSteps - Clicked on three dots.
[INFO ] 2025-05-08 14:06:29.374 [main] SubscribeSteps - App launched and Trending tab showed
[INFO ] 2025-05-08 14:09:18.858 [main] SubscribeSteps - App launched and Trending tab showed
[INFO ] 2025-05-08 14:09:37.675 [main] DownloadSteps - Clicked on three dots.
[INFO ] 2025-05-08 14:09:42.364 [main] DownloadSteps - Download option text: Download
[INFO ] 2025-05-08 14:10:05.409 [main] SubscribeSteps - App launched and Trending tab showed
[INFO ] 2025-05-08 14:10:18.335 [main] DownloadSteps - App launched and popups dismissed.
[INFO ] 2025-05-08 14:10:28.574 [main] DownloadSteps - Clicked on a video.
[INFO ] 2025-05-08 14:11:09.852 [main] SubscribeSteps - App launched and Trending tab showed
[INFO ] 2025-05-08 14:11:33.225 [main] DownloadSteps - Clicked on a video.
[INFO ] 2025-05-08 14:20:52.371 [main] SubscribeSteps - App launched and Trending tab showed
[INFO ] 2025-05-08 14:21:06.422 [main] DownloadSteps - App launched and popups dismissed.
[INFO ] 2025-05-08 14:21:16.949 [main] DownloadSteps - Clicked on a video.
[INFO ] 2025-05-08 14:27:39.416 [main] SubscribeSteps - App launched and Trending tab showed
[INFO ] 2025-05-08 14:27:55.285 [main] DownloadSteps - App launched and popups dismissed.
[INFO ] 2025-05-08 14:28:08.358 [main] DownloadSteps - Clicked on a video.
[INFO ] 2025-05-08 14:31:21.668 [main] SubscribeSteps - App launched and Trending tab showed
[INFO ] 2025-05-08 14:31:36.223 [main] DownloadSteps - App launched and popups dismissed.
[INFO ] 2025-05-08 14:31:48.856 [main] DownloadSteps - Clicked on a video.
[INFO ] 2025-05-08 15:36:05.749 [main] SubscribeSteps - App launched and Trending tab showed
[INFO ] 2025-05-08 15:36:31.504 [main] DownloadSteps - Clicked on three dots.
[INFO ] 2025-05-08 15:36:36.796 [main] DownloadSteps - Download option text: Download
[INFO ] 2025-05-08 15:37:06.811 [main] SubscribeSteps - App launched and Trending tab showed
[INFO ] 2025-05-08 15:37:27.063 [main] DownloadSteps - App launched and popups dismissed.
[INFO ] 2025-05-08 15:37:51.354 [main] DownloadSteps - Clicked on a video.
[INFO ] 2025-05-08 15:38:52.932 [main] SubscribeSteps - App launched and Trending tab showed
[INFO ] 2025-05-08 15:39:34.847 [main] DownloadSteps - Clicked on a video.
[INFO ] 2025-05-08 15:40:24.515 [main] SubscribeSteps - App launched and Trending tab showed
[INFO ] 2025-05-08 15:41:03.872 [main] DownloadSteps - Opened an already downloaded video.
[INFO ] 2025-05-08 15:41:23.999 [main] DownloadSteps - Clicked on three dots.
[INFO ] 2025-05-08 15:42:20.372 [main] SubscribeSteps - App launched and Trending tab showed
[INFO ] 2025-05-08 15:42:59.552 [main] DownloadSteps - Opened an already downloaded video.
[INFO ] 2025-05-08 15:43:50.224 [main] SubscribeSteps - App launched and Trending tab showed
[INFO ] 2025-05-08 15:44:27.905 [main] DownloadSteps - Opened an already downloaded video.
[INFO ] 2025-05-08 15:45:22.193 [main] SubscribeSteps - App launched and Trending tab showed
[INFO ] 2025-05-08 15:46:20.952 [main] SubscribeSteps - App launched and Trending tab showed
[INFO ] 2025-05-08 15:46:52.732 [main] DownloadSteps - Clicked on three dots.
[INFO ] 2025-05-08 15:47:29.019 [main] SubscribeSteps - App launched and Trending tab showed
[INFO ] 2025-05-08 15:49:00.078 [main] SubscribeSteps - App launched and Trending tab showed
[INFO ] 2025-05-08 15:49:36.125 [main] DownloadSteps - Clicked on three dots.
[INFO ] 2025-05-08 15:50:50.642 [main] SubscribeSteps - App launched and Trending tab showed
[INFO ] 2025-05-08 15:52:20.974 [main] SubscribeSteps - App launched and Trending tab showed
[INFO ] 2025-05-08 15:53:17.980 [main] SubscribeSteps - App launched and Trending tab showed
[INFO ] 2025-05-08 16:01:41.047 [main] SubscribeSteps - App launched and Trending tab showed
[INFO ] 2025-05-08 16:02:15.251 [main] DownloadSteps - Clicked on three dots.
[INFO ] 2025-05-08 16:02:25.923 [main] DownloadSteps - Download option text: Download
[INFO ] 2025-05-08 16:04:07.678 [main] SubscribeSteps - App launched and Trending tab showed
[INFO ] 2025-05-08 16:04:42.146 [main] DownloadSteps - Clicked on a video.
[INFO ] 2025-05-08 16:05:32.153 [main] SubscribeSteps - App launched and Trending tab showed
[INFO ] 2025-05-08 16:06:08.634 [main] DownloadSteps - Opened an already downloaded video.
[INFO ] 2025-05-08 16:07:04.363 [main] SubscribeSteps - App launched and Trending tab showed
[INFO ] 2025-05-08 16:07:44.591 [main] DownloadSteps - Opened an already downloaded video.
[INFO ] 2025-05-08 16:08:39.797 [main] SubscribeSteps - App launched and Trending tab showed
[INFO ] 2025-05-08 16:09:21.621 [main] DownloadSteps - Opened an already downloaded video.
[INFO ] 2025-05-08 16:10:16.442 [main] SubscribeSteps - App launched and Trending tab showed
[INFO ] 2025-05-08 16:11:19.679 [main] SubscribeSteps - App launched and Trending tab showed
[INFO ] 2025-05-08 16:11:57.152 [main] DownloadSteps - Clicked on three dots.
[INFO ] 2025-05-08 16:12:46.973 [main] SubscribeSteps - App launched and Trending tab showed
[INFO ] 2025-05-08 16:14:50.840 [main] SubscribeSteps - App launched and Trending tab showed
[INFO ] 2025-05-08 16:15:30.827 [main] DownloadSteps - Clicked on three dots.
[INFO ] 2025-05-08 16:16:56.963 [main] SubscribeSteps - App launched and Trending tab showed
[INFO ] 2025-05-08 16:18:37.167 [main] SubscribeSteps - App launched and Trending tab showed
[INFO ] 2025-05-08 16:19:42.740 [main] SubscribeSteps - App launched and Trending tab showed
[INFO ] 2025-05-08 16:28:57.854 [main] SubscribeSteps - App launched and Trending tab showed
[DEBUG] 2025-05-08 16:29:12.756 [main] PackageRelationshipCollection - Parsing relationship: /xl/_rels/workbook.xml.rels
[DEBUG] 2025-05-08 16:29:12.768 [main] PackageRelationshipCollection - Parsing relationship: /xl/worksheets/_rels/sheet1.xml.rels
[DEBUG] 2025-05-08 16:29:12.771 [main] PackageRelationshipCollection - Parsing relationship: /_rels/.rels
[INFO ] 2025-05-08 16:30:42.130 [main] SubscribeSteps - App launched and Trending tab showed
[DEBUG] 2025-05-08 16:30:56.580 [main] PackageRelationshipCollection - Parsing relationship: /xl/_rels/workbook.xml.rels
[DEBUG] 2025-05-08 16:30:56.583 [main] PackageRelationshipCollection - Parsing relationship: /xl/worksheets/_rels/sheet1.xml.rels
[DEBUG] 2025-05-08 16:30:56.584 [main] PackageRelationshipCollection - Parsing relationship: /_rels/.rels
[INFO ] 2025-05-08 16:32:14.667 [main] SubscribeSteps - App launched and Trending tab showed
[DEBUG] 2025-05-08 16:32:29.540 [main] PackageRelationshipCollection - Parsing relationship: /xl/_rels/workbook.xml.rels
[DEBUG] 2025-05-08 16:32:29.542 [main] PackageRelationshipCollection - Parsing relationship: /xl/worksheets/_rels/sheet1.xml.rels
[DEBUG] 2025-05-08 16:32:29.544 [main] PackageRelationshipCollection - Parsing relationship: /_rels/.rels
[INFO ] 2025-05-08 16:34:14.663 [main] SubscribeSteps - App launched and Trending tab showed
[DEBUG] 2025-05-08 16:34:30.991 [main] PackageRelationshipCollection - Parsing relationship: /xl/_rels/workbook.xml.rels
[DEBUG] 2025-05-08 16:34:30.993 [main] PackageRelationshipCollection - Parsing relationship: /xl/worksheets/_rels/sheet1.xml.rels
[DEBUG] 2025-05-08 16:34:30.996 [main] PackageRelationshipCollection - Parsing relationship: /_rels/.rels
